<?xml version="1.0" encoding="UTF-8"?>
<!-- Generated by org.testng.reporters.JUnitReportReporter -->
<testsuite hostname="Tejashrees-MacBook-Air.local" failures="1" tests="2" name="Runner.TestNGRunner" time="13.596" errors="0" timestamp="2024-07-12T22:45:59 IST" skipped="0">
  <testcase classname="Runner.TestNGRunner" name="runScenario" time="6.783">
    <failure message="expected [No data] but found [Beetroot]" type="java.lang.AssertionError">
      <![CDATA[java.lang.AssertionError: expected [No data] but found [Beetroot]
at org.testng.Assert.fail(Assert.java:111)
at org.testng.Assert.failNotEquals(Assert.java:1578)
at org.testng.Assert.assertEqualsImpl(Assert.java:150)
at org.testng.Assert.assertEquals(Assert.java:132)
at org.testng.Assert.assertEquals(Assert.java:656)
at org.testng.Assert.assertEquals(Assert.java:666)
at StepDefinations.OfferPageStepDefinition.validate_if_product_name_in_offer_page_matches_with_landing_page(OfferPageStepDefinition.java:60)
at ✽.Validate if product name in offer page matches with landing page(file:///Users/tejashreepatwardhan/eclipse-workspace/CucumberFramework/src/test/java/Features/searchProduct.feature:8)
]]>
    </failure>
  </testcase> <!-- runScenario -->
  <testcase classname="Runner.TestNGRunner" name="runScenario" time="6.813"/>
</testsuite> <!-- Runner.TestNGRunner -->
