<?xml version="1.0" encoding="UTF-8"?>
<!-- Generated by org.testng.reporters.JUnitXMLReporter -->
<testsuite ignored="0" hostname="Tejashrees-MacBook-Air.local" failures="1" tests="2" name="Surefire test" time="7.288" errors="0" timestamp="2024-07-12T22:45:59 IST">
  <testcase classname="io.cucumber.testng.AbstractTestNGCucumberTests" name="runScenario" time="6.783">
    <failure type="java.lang.AssertionError" message="expected [No data] but found [Beetroot]">
      <![CDATA[java.lang.AssertionError: expected [No data] but found [Beetroot]
at StepDefinations.OfferPageStepDefinition.validate_if_product_name_in_offer_page_matches_with_landing_page(OfferPageStepDefinition.java:60)
at ✽.Validate if product name in offer page matches with landing page(file:///Users/tejashreepatwardhan/eclipse-workspace/CucumberFramework/src/test/java/Features/searchProduct.feature:8)
... Removed 6 stack frames]]>
    </failure>
  </testcase> <!-- runScenario -->
  <testcase classname="io.cucumber.testng.AbstractTestNGCucumberTests" name="runScenario" time="6.813"/>
</testsuite> <!-- Surefire test -->
